<?xml version="1.0" encoding="UTF-8"?>
<!-- Generated by org.testng.reporters.JUnitXMLReporter -->
<testsuite ignored="0" hostname="Lagan" failures="1" tests="2" name="Surefire test" time="11.809" errors="0" timestamp="18 мая 2018 06:26:51 GMT">
  <testcase classname="com.org.MavenTests.RegPageTest" name="doRegistrationTest" time="1.993"/>
  <testcase classname="com.org.MavenTests.RegPageTest" name="doCheckValidationTest" time="1.406">
    <failure type="java.lang.AssertionError" message="The following asserts failed:
	Error: Date Fields Validation Failure!">
      <![CDATA[java.lang.AssertionError: The following asserts failed:
Error: Date Fields Validation Failure!
at com.org.MavenTests.RegPageTest.doCheckValidationTest(RegPageTest.java:165)
... Removed 30 stack frames]]>
    </failure>
  </testcase> <!-- doCheckValidationTest -->
</testsuite> <!-- Surefire test -->
