<?xml version="1.0" encoding="UTF-8"?>
<testsuite xmlns:xsi="http://www.w3.org/2001/XMLSchema-instance" xsi:schemaLocation="https://maven.apache.org/surefire/maven-surefire-plugin/xsd/surefire-test-report.xsd" name="com.org.MavenTests.RegPageTest" time="25.845" tests="2" errors="0" skipped="0" failures="1">
  <properties>
[...]
</properties>
  <testcase name="doRegistrationTest" classname="com.org.MavenTests.RegPageTest" time="1.997"/>
  <testcase name="doCheckValidationTest" classname="com.org.MavenTests.RegPageTest" time="1.4">
    <failure message="The following asserts failed:&#10;	Error: Date Fields Validation Failure!" type="java.lang.AssertionError">java.lang.AssertionError: 
The following asserts failed:
	Error: Date Fields Validation Failure!
	at com.org.MavenTests.RegPageTest.doCheckValidationTest(RegPageTest.java:165)
</failure>
    <system-err><![CDATA[JavaScript error: http://demoqa.com/registration/, line 514: ReferenceError: accordion is not defined
JavaScript warning: https://www.googletagmanager.com/gtag/js?id=UA-109033876-1, line 69: unreachable code after return statement
JavaScript warning: https://www.googletagmanager.com/gtag/js?id=UA-109033876-1, line 69: unreachable code after return statement
]]></system-err>
  </testcase>
</testsuite>